Determining if the pthread_create exist failed with the following output:
Change Dir: /home/nvidia/Documents/brandon_test/catkin_ws/build/CMakeFiles/CMakeTmp

Run Build Command:"/usr/bin/make" "cmTC_e0b0d/fast"
/usr/bin/make -f CMakeFiles/cmTC_e0b0d.dir/build.make CMakeFiles/cmTC_e0b0d.dir/build
make[1]: Entering directory '/home/nvidia/Documents/brandon_test/catkin_ws/build/CMakeFiles/CMakeTmp'
Building C object CMakeFiles/cmTC_e0b0d.dir/CheckSymbolExists.c.o
/usr/bin/cc    -o CMakeFiles/cmTC_e0b0d.dir/CheckSymbolExists.c.o   -c /home/nvidia/Documents/brandon_test/catkin_ws/build/CMakeFiles/CMakeTmp/CheckSymbolExists.c
Linking C executable cmTC_e0b0d
/usr/bin/cmake -E cmake_link_script CMakeFiles/cmTC_e0b0d.dir/link.txt --verbose=1
/usr/bin/cc      -rdynamic CMakeFiles/cmTC_e0b0d.dir/CheckSymbolExists.c.o  -o cmTC_e0b0d 
CMakeFiles/cmTC_e0b0d.dir/CheckSymbolExists.c.o: In function `main':
CheckSymbolExists.c:(.text+0x14): undefined reference to `pthread_create'
CheckSymbolExists.c:(.text+0x18): undefined reference to `pthread_create'
collect2: error: ld returned 1 exit status
CMakeFiles/cmTC_e0b0d.dir/build.make:97: recipe for target 'cmTC_e0b0d' failed
make[1]: *** [cmTC_e0b0d] Error 1
make[1]: Leaving directory '/home/nvidia/Documents/brandon_test/catkin_ws/build/CMakeFiles/CMakeTmp'
Makefile:126: recipe for target 'cmTC_e0b0d/fast' failed
make: *** [cmTC_e0b0d/fast] Error 2

File /home/nvidia/Documents/brandon_test/catkin_ws/build/CMakeFiles/CMakeTmp/CheckSymbolExists.c:
/* */
#include <pthread.h>

int main(int argc, char** argv)
{
  (void)argv;
#ifndef pthread_create
  return ((int*)(&pthread_create))[argc];
#else
  (void)argc;
  return 0;
#endif
}

Determining if the function pthread_create exists in the pthreads failed with the following output:
Change Dir: /home/nvidia/Documents/brandon_test/catkin_ws/build/CMakeFiles/CMakeTmp

Run Build Command:"/usr/bin/make" "cmTC_4bfcc/fast"
/usr/bin/make -f CMakeFiles/cmTC_4bfcc.dir/build.make CMakeFiles/cmTC_4bfcc.dir/build
make[1]: Entering directory '/home/nvidia/Documents/brandon_test/catkin_ws/build/CMakeFiles/CMakeTmp'
Building C object CMakeFiles/cmTC_4bfcc.dir/CheckFunctionExists.c.o
/usr/bin/cc   -DCHECK_FUNCTION_EXISTS=pthread_create   -o CMakeFiles/cmTC_4bfcc.dir/CheckFunctionExists.c.o   -c /usr/share/cmake-3.10/Modules/CheckFunctionExists.c
Linking C executable cmTC_4bfcc
/usr/bin/cmake -E cmake_link_script CMakeFiles/cmTC_4bfcc.dir/link.txt --verbose=1
/usr/bin/cc  -DCHECK_FUNCTION_EXISTS=pthread_create    -rdynamic CMakeFiles/cmTC_4bfcc.dir/CheckFunctionExists.c.o  -o cmTC_4bfcc -lpthreads 
/usr/bin/ld: cannot find -lpthreads
collect2: error: ld returned 1 exit status
CMakeFiles/cmTC_4bfcc.dir/build.make:97: recipe for target 'cmTC_4bfcc' failed
make[1]: *** [cmTC_4bfcc] Error 1
make[1]: Leaving directory '/home/nvidia/Documents/brandon_test/catkin_ws/build/CMakeFiles/CMakeTmp'
Makefile:126: recipe for target 'cmTC_4bfcc/fast' failed
make: *** [cmTC_4bfcc/fast] Error 2


